[11:45:18.208] [INFO] storybook v10.3.6
[11:45:18.805] [DEBUG] Getting package.json info for C:/Users/saysa/Desktop/components/package.json...
[11:45:20.236] [WARN] 🚨 Unable to index ./stories/ButtonStoryBook.stories.js:
  TypeError: Duplicate declaration "Button"
  49 | };
  50 |
> 51 | export const Button = {
     |              ^^^^^^
  52 |   args:{
  53 |     primary:false,
  54 |     label:"Button"
    at File2.buildCodeFrameError (file:///C:/Users/saysa/Desktop/components/node_modules/storybook/dist/_node-chunks/chunk-MKXM7JNE.js:33320:16)
    at _Scope.checkBlockScopedCollisions (file:///C:/Users/saysa/Desktop/components/node_modules/storybook/dist/_node-chunks/chunk-MKXM7JNE.js:24202:31)
    at _Scope.registerBinding (file:///C:/Users/saysa/Desktop/components/node_modules/storybook/dist/_node-chunks/chunk-MKXM7JNE.js:24286:20)
    at _Scope.registerDeclaration (file:///C:/Users/saysa/Desktop/components/node_modules/storybook/dist/_node-chunks/chunk-MKXM7JNE.js:24245:18)
    at Object.BlockScoped (file:///C:/Users/saysa/Desktop/components/node_modules/storybook/dist/_node-chunks/chunk-MKXM7JNE.js:24094:83)
    at Object.newFn (file:///C:/Users/saysa/Desktop/components/node_modules/storybook/dist/_node-chunks/chunk-MKXM7JNE.js:23521:21)
    at NodePath._call (file:///C:/Users/saysa/Desktop/components/node_modules/storybook/dist/_node-chunks/chunk-MKXM7JNE.js:31696:22)
    at NodePath.call (file:///C:/Users/saysa/Desktop/components/node_modules/storybook/dist/_node-chunks/chunk-MKXM7JNE.js:31686:22)
    at NodePath.visit (file:///C:/Users/saysa/Desktop/components/node_modules/storybook/dist/_node-chunks/chunk-MKXM7JNE.js:31719:38)
    at TraversalContext.visitQueue (file:///C:/Users/saysa/Desktop/components/node_modules/storybook/dist/_node-chunks/chunk-MKXM7JNE.js:31605:49)
[11:45:20.240] [ERROR] Error: Unable to index ./stories/ButtonStoryBook.stories.js
    at _StoryIndexGenerator.getIndexAndStats (file:///C:/Users/saysa/Desktop/components/node_modules/storybook/dist/core-server/index.js:6282:15)
    at async _StoryIndexGenerator.getIndex (file:///C:/Users/saysa/Desktop/components/node_modules/storybook/dist/core-server/index.js:6271:13)
    at async Object.experimental_serverChannel (file:///C:/Users/saysa/Desktop/components/node_modules/@storybook/addon-vitest/dist/preset.js:464:14)
    at async buildDevStandalone (file:///C:/Users/saysa/Desktop/components/node_modules/storybook/dist/core-server/index.js:8027:32)
    at async withTelemetry (file:///C:/Users/saysa/Desktop/components/node_modules/storybook/dist/_node-chunks/chunk-UYONHJJP.js:225:12)
    at async dev (file:///C:/Users/saysa/Desktop/components/node_modules/storybook/dist/bin/core.js:2736:3)
    at async _Command.<anonymous> (file:///C:/Users/saysa/Desktop/components/node_modules/storybook/dist/bin/core.js:2806:92)
[11:45:20.241] [WARN] Broken build, fix the error above.
You may need to refresh the browser.